<?xml version="1.0" encoding="UTF-8"?>
<!-- Generated by org.testng.reporters.JUnitReportReporter -->
<testsuite hostname="Anuradha" failures="0" tests="1" name="TestCases.loginTest" time="23.972" errors="0" timestamp="2024-01-14T19:14:34 IST" skipped="0">
  <testcase classname="TestCases.loginTest" name="loginErrorMessage" time="23.972"/>
  <system-out/>
</testsuite> <!-- TestCases.loginTest -->
