<?xml version="1.0" encoding="UTF-8"?>
<!-- Generated by org.testng.reporters.JUnitReportReporter -->
<testsuite hostname="Anuradha" failures="0" tests="1" name="TestCases.signupTest" time="42.114" errors="0" timestamp="2024-01-16T12:38:44 IST" skipped="0">
  <testcase classname="TestCases.signupTest" name="signupflow" time="42.114"/>
  <system-out/>
</testsuite> <!-- TestCases.signupTest -->
