<?xml version="1.0" encoding="UTF-8"?>
<!-- Generated by org.testng.reporters.JUnitReportReporter -->
<testsuite hostname="Anuradha" failures="0" tests="1" name="TestCases.contactusTest" time="15.149" errors="0" timestamp="2024-01-15T17:20:15 IST" skipped="0">
  <testcase classname="TestCases.contactusTest" name="emptyEmail" time="15.149"/>
  <system-out/>
</testsuite> <!-- TestCases.contactusTest -->
